# JRE version: Java(TM) SE Runtime Environment (21.0.1+12) (build 21.0.1+12-LTS-29)
# Java VM: Java HotSpot(TM) 64-Bit Server VM (21.0.1+12-LTS-29, mixed mode, sharing, tiered, compressed oops, compressed class ptrs, g1 gc, windows-amd64)
GC Precious Log:
 CardTable entry size: 512
 Card Set container configuration: InlinePtr #cards 5 size 8 Array Of Cards #cards 12 size 40 Howl #buckets 4 coarsen threshold 1843 Howl Bitmap #cards 512 size 80 coarsen threshold 460 Card regions per heap region 1 cards per card region 2048
 CPUs: 4 total, 4 available
 Memory: 8072M
 Large Page Support: Disabled
 NUMA Support: Disabled
 Compressed Oops: Enabled (32-bit)
 Heap Region Size: 1M
 Heap Min Capacity: 8M
 Heap Initial Capacity: 128M
 Heap Max Capacity: 2020M
 Pre-touch: Disabled
 Parallel Workers: 4
 Concurrent Workers: 1
 Concurrent Refinement Workers: 4
 Periodic GC: Disabled
Heap:
 garbage-first heap   total 99328K, used 63499K [0x0000000081c00000, 0x0000000100000000)
  region size 1024K, 33 young (33792K), 0 survivors (0K)
 Metaspace       used 85959K, committed 86976K, reserved 1179648K
  class space    used 10294K, committed 10752K, reserved 1048576K
GC Heap History (20 events):
Event: 3227.587 GC heap before
{Heap before GC invocations=135 (full 28):
 garbage-first heap   total 99328K, used 77448K [0x0000000081c00000, 0x0000000100000000)
  region size 1024K, 47 young (48128K), 5 survivors (5120K)
 Metaspace       used 84464K, committed 85440K, reserved 1179648K
  class space    used 10173K, committed 10624K, reserved 1048576K
}
Event: 3227.658 GC heap after
{Heap after GC invocations=136 (full 29):
 garbage-first heap   total 99328K, used 30665K [0x0000000081c00000, 0x0000000100000000)
  region size 1024K, 0 young (0K), 0 survivors (0K)
 Metaspace       used 84462K, committed 85440K, reserved 1179648K
  class space    used 10172K, committed 10624K, reserved 1048576K
}
Event: 3228.426 GC heap before
{Heap before GC invocations=136 (full 29):
 garbage-first heap   total 99328K, used 85961K [0x0000000081c00000, 0x0000000100000000)
  region size 1024K, 54 young (55296K), 0 survivors (0K)
 Metaspace       used 84728K, committed 85696K, reserved 1179648K
  class space    used 10196K, committed 10624K, reserved 1048576K
}
Event: 3228.431 GC heap after
{Heap after GC invocations=137 (full 29):
 garbage-first heap   total 99328K, used 35167K [0x0000000081c00000, 0x0000000100000000)
  region size 1024K, 5 young (5120K), 5 survivors (5120K)
 Metaspace       used 84728K, committed 85696K, reserved 1179648K
  class space    used 10196K, committed 10624K, reserved 1048576K
}
Event: 3384.846 GC heap before
{Heap before GC invocations=138 (full 29):
 garbage-first heap   total 99328K, used 77151K [0x0000000081c00000, 0x0000000100000000)
  region size 1024K, 47 young (48128K), 5 survivors (5120K)
 Metaspace       used 84769K, committed 85696K, reserved 1179648K
  class space    used 10201K, committed 10624K, reserved 1048576K
}
Event: 3384.914 GC heap after
{Heap after GC invocations=139 (full 30):
 garbage-first heap   total 99328K, used 30804K [0x0000000081c00000, 0x0000000100000000)
  region size 1024K, 0 young (0K), 0 survivors (0K)
 Metaspace       used 84767K, committed 85696K, reserved 1179648K
  class space    used 10200K, committed 10624K, reserved 1048576K
}
Event: 3385.563 GC heap before
{Heap before GC invocations=139 (full 30):
 garbage-first heap   total 99328K, used 87124K [0x0000000081c00000, 0x0000000100000000)
  region size 1024K, 55 young (56320K), 0 survivors (0K)
 Metaspace       used 85050K, committed 85952K, reserved 1179648K
  class space    used 10224K, committed 10624K, reserved 1048576K
}
Event: 3385.568 GC heap after
{Heap after GC invocations=140 (full 30):
 garbage-first heap   total 99328K, used 35295K [0x0000000081c00000, 0x0000000100000000)
  region size 1024K, 5 young (5120K), 5 survivors (5120K)
 Metaspace       used 85050K, committed 85952K, reserved 1179648K
  class space    used 10224K, committed 10624K, reserved 1048576K
}
Event: 3426.726 GC heap before
{Heap before GC invocations=141 (full 30):
 garbage-first heap   total 99328K, used 68063K [0x0000000081c00000, 0x0000000100000000)
  region size 1024K, 38 young (38912K), 5 survivors (5120K)
 Metaspace       used 85102K, committed 86080K, reserved 1179648K
  class space    used 10226K, committed 10688K, reserved 1048576K
}
Event: 3426.794 GC heap after
{Heap after GC invocations=142 (full 31):
 garbage-first heap   total 99328K, used 31039K [0x0000000081c00000, 0x0000000100000000)
  region size 1024K, 0 young (0K), 0 survivors (0K)
 Metaspace       used 85099K, committed 86080K, reserved 1179648K
  class space    used 10226K, committed 10688K, reserved 1048576K
}
Event: 3427.568 GC heap before
{Heap before GC invocations=142 (full 31):
 garbage-first heap   total 99328K, used 86335K [0x0000000081c00000, 0x0000000100000000)
  region size 1024K, 54 young (55296K), 0 survivors (0K)
 Metaspace       used 85436K, committed 86400K, reserved 1179648K
  class space    used 10250K, committed 10688K, reserved 1048576K
}
Event: 3427.574 GC heap after
{Heap after GC invocations=143 (full 31):
 garbage-first heap   total 99328K, used 35098K [0x0000000081c00000, 0x0000000100000000)
  region size 1024K, 4 young (4096K), 4 survivors (4096K)
 Metaspace       used 85436K, committed 86400K, reserved 1179648K
  class space    used 10250K, committed 10688K, reserved 1048576K
}
Event: 3482.305 GC heap before
{Heap before GC invocations=144 (full 31):
 garbage-first heap   total 99328K, used 69914K [0x0000000081c00000, 0x0000000100000000)
  region size 1024K, 39 young (39936K), 4 survivors (4096K)
 Metaspace       used 85557K, committed 86464K, reserved 1179648K
  class space    used 10257K, committed 10688K, reserved 1048576K
}
Event: 3482.373 GC heap after
{Heap after GC invocations=145 (full 32):
 garbage-first heap   total 99328K, used 31283K [0x0000000081c00000, 0x0000000100000000)
  region size 1024K, 0 young (0K), 0 survivors (0K)
 Metaspace       used 85554K, committed 86464K, reserved 1179648K
  class space    used 10257K, committed 10688K, reserved 1048576K
}
Event: 3483.029 GC heap before
{Heap before GC invocations=145 (full 32):
 garbage-first heap   total 99328K, used 87603K [0x0000000081c00000, 0x0000000100000000)
  region size 1024K, 55 young (56320K), 0 survivors (0K)
 Metaspace       used 85808K, committed 86784K, reserved 1179648K
  class space    used 10280K, committed 10752K, reserved 1048576K
}
Event: 3483.035 GC heap after
{Heap after GC invocations=146 (full 32):
 garbage-first heap   total 99328K, used 35772K [0x0000000081c00000, 0x0000000100000000)
  region size 1024K, 5 young (5120K), 5 survivors (5120K)
 Metaspace       used 85808K, committed 86784K, reserved 1179648K
  class space    used 10280K, committed 10752K, reserved 1048576K
}
Event: 3771.505 GC heap before
{Heap before GC invocations=147 (full 32):
 garbage-first heap   total 99328K, used 86972K [0x0000000081c00000, 0x0000000100000000)
  region size 1024K, 55 young (56320K), 5 survivors (5120K)
 Metaspace       used 85847K, committed 86784K, reserved 1179648K
  class space    used 10282K, committed 10752K, reserved 1048576K
}
Event: 3771.514 GC heap after
{Heap after GC invocations=148 (full 32):
 garbage-first heap   total 99328K, used 36295K [0x0000000081c00000, 0x0000000100000000)
  region size 1024K, 2 young (2048K), 2 survivors (2048K)
 Metaspace       used 85847K, committed 86784K, reserved 1179648K
  class space    used 10282K, committed 10752K, reserved 1048576K
}
Event: 4206.407 GC heap before
{Heap before GC invocations=148 (full 32):
 garbage-first heap   total 99328K, used 67015K [0x0000000081c00000, 0x0000000100000000)
  region size 1024K, 33 young (33792K), 2 survivors (2048K)
 Metaspace       used 85854K, committed 86784K, reserved 1179648K
  class space    used 10282K, committed 10752K, reserved 1048576K
}
Event: 4206.522 GC heap after
{Heap after GC invocations=149 (full 33):
 garbage-first heap   total 99328K, used 30731K [0x0000000081c00000, 0x0000000100000000)
  region size 1024K, 0 young (0K), 0 survivors (0K)
 Metaspace       used 85851K, committed 86784K, reserved 1179648K
  class space    used 10282K, committed 10752K, reserved 1048576K
}

